<?xml version='1.0' encoding='UTF-8'?>
<testsuite hostname="L75300301" name="objsets.TweetSetSuite" tests="7" errors="0" failures="0" time="0.109">
                     <properties>
[...]
</properties>
                     <testcase classname="objsets.TweetSetSuite" name="filter: on empty set" time="0.047">
                                                 
                                               </testcase><testcase classname="objsets.TweetSetSuite" name="filter: a on set5" time="0.015">
                                                 
                                               </testcase><testcase classname="objsets.TweetSetSuite" name="filter: 20 on set5" time="0.016">
                                                 
                                               </testcase><testcase classname="objsets.TweetSetSuite" name="union: set4c and set4d" time="0.0">
                                                 
                                               </testcase><testcase classname="objsets.TweetSetSuite" name="union: with empty set (1)" time="0.0">
                                                 
                                               </testcase><testcase classname="objsets.TweetSetSuite" name="union: with empty set (2)" time="0.015">
                                                 
                                               </testcase><testcase classname="objsets.TweetSetSuite" name="descending: set5" time="0.016">
                                                 
                                               </testcase>
                     <system-out></system-out>
                     <system-err></system-err>
                   </testsuite>